<?xml version="1.0" encoding="UTF-8"?>
<!-- Generated by org.testng.reporters.JUnitXMLReporter -->
<testsuite hostname="LAPTOP-GEGNTQL9" ignored="0" name="firstTest" tests="4" failures="0" timestamp="2021-03-02T16:55:12 GMT" time="0.066" errors="0">
  <testcase name="myAge" time="0.003" classname="myPackage.Class1"/>
  <testcase name="myName" time="0.002" classname="myPackage.Class1"/>
  <testcase name="myAddress" time="0.001" classname="myPackage.Class2"/>
  <testcase name="myNumber" time="0.0" classname="myPackage.Class2"/>
</testsuite> <!-- firstTest -->
