<?xml version="1.0" encoding="UTF-8"?>
<testng-results skipped="0" failed="0" ignored="0" total="4" passed="4">
  <reporter-output>
  </reporter-output>
  <suite name="jenkinsPro" duration-ms="66" started-at="2021-03-02T16:55:12 GMT" finished-at="2021-03-02T16:55:12 GMT">
    <groups>
    </groups>
    <test name="firstTest" duration-ms="66" started-at="2021-03-02T16:55:12 GMT" finished-at="2021-03-02T16:55:12 GMT">
      <class name="myPackage.Class1">
        <test-method status="PASS" signature="myAge()[pri:0, instance:myPackage.Class1@4fe3c938]" name="myAge" duration-ms="3" started-at="2021-03-02T16:55:12 GMT" finished-at="2021-03-02T16:55:12 GMT">
          <reporter-output>
          </reporter-output>
        </test-method> <!-- myAge -->
        <test-method status="PASS" signature="myName()[pri:0, instance:myPackage.Class1@4fe3c938]" name="myName" duration-ms="2" started-at="2021-03-02T16:55:12 GMT" finished-at="2021-03-02T16:55:12 GMT">
          <reporter-output>
          </reporter-output>
        </test-method> <!-- myName -->
      </class> <!-- myPackage.Class1 -->
      <class name="myPackage.Class2">
        <test-method status="PASS" signature="myAddress()[pri:0, instance:myPackage.Class2@3108bc]" name="myAddress" duration-ms="1" started-at="2021-03-02T16:55:12 GMT" finished-at="2021-03-02T16:55:12 GMT">
          <reporter-output>
          </reporter-output>
        </test-method> <!-- myAddress -->
        <test-method status="PASS" signature="myNumber()[pri:0, instance:myPackage.Class2@3108bc]" name="myNumber" duration-ms="0" started-at="2021-03-02T16:55:12 GMT" finished-at="2021-03-02T16:55:12 GMT">
          <reporter-output>
          </reporter-output>
        </test-method> <!-- myNumber -->
      </class> <!-- myPackage.Class2 -->
    </test> <!-- firstTest -->
  </suite> <!-- jenkinsPro -->
</testng-results>
